\BOOKMARK [1][]{section.1}{Subvserion commands summary}{}
\BOOKMARK [2][]{subsection.1.1}{Checkout}{section.1}
\BOOKMARK [2][]{subsection.1.2}{Make changes}{section.1}
\BOOKMARK [2][]{subsection.1.3}{Examine your changes}{section.1}
\BOOKMARK [2][]{subsection.1.4}{Possibly undo some changes}{section.1}
\BOOKMARK [2][]{subsection.1.5}{Resolve Conflicts}{section.1}
\BOOKMARK [2][]{subsection.1.6}{Commit your changes}{section.1}
\BOOKMARK [2][]{subsection.1.7}{Logs}{section.1}
\BOOKMARK [2][]{subsection.1.8}{Diffs \(Changes\)}{section.1}
\BOOKMARK [2][]{subsection.1.9}{Browse a file directly}{section.1}
\BOOKMARK [2][]{subsection.1.10}{Browse a folder directly}{section.1}
\BOOKMARK [2][]{subsection.1.11}{Fetching older repository snapshots}{section.1}
\BOOKMARK [2][]{subsection.1.12}{Export}{section.1}
\BOOKMARK [2][]{subsection.1.13}{Cleanup}{section.1}
\BOOKMARK [1][]{section.2}{Using the revision specifiers}{}
\BOOKMARK [2][]{subsection.2.1}{Checkout based on revisions}{section.2}
\BOOKMARK [2][]{subsection.2.2}{Logs based on revisions}{section.2}
\BOOKMARK [1][]{section.3}{Properties of files}{}
\BOOKMARK [1][]{section.4}{Locking files}{}
\BOOKMARK [1][]{section.5}{Creating branches}{}
\BOOKMARK [1][]{section.6}{More commands}{}
