This is pdfTeX, Version 3.1415926-2.4-1.40.13 (TeX Live 2012) (format=pdflatex 2012.10.10)  20 NOV 2012 17:54
entering extended mode
 \write18 enabled.
 %&-line parsing enabled.
**\input presentation.tex
(./presentation.tex
(/home/pydupont/.texlive2012/texmf-dist/tex/latex/beamer/beamer.cls
(/home/pydupont/.texlive2012/texmf-dist/tex/latex/beamer/beamerbasercs.sty
Package: beamerbasercs 2012/09/19 (rcs-revision 9cdb60d8ebed)
)
Document Class: beamer 2011/09/12 development version 3.22 A class for typesett
ing presentations (rcs-revision 70f9d8411e54)
(/home/pydupont/.texlive2012/texmf-dist/tex/latex/beamer/beamerbasemodes.sty
Package: beamerbasemodes 2012/04/15 (rcs-revision cc6557182d97)
\beamer@tempbox=\box26
\beamer@tempcount=\count79
\c@beamerpauses=\count80

(/home/pydupont/.texlive2012/texmf-dist/tex/latex/beamer/beamerbasedecode.sty
Package: beamerbasedecode 2010/05/01 (rcs-revision efa082c6111d)
\beamer@slideinframe=\count81
\beamer@minimum=\count82
)
\beamer@commentbox=\box27
\beamer@modecount=\count83
) (/home/pydupont/.texlive2012/texmf-dist/tex/generic/oberdiek/ifpdf.sty
Package: ifpdf 2011/01/30 v2.3 Provides the ifpdf switch (HO)
Package ifpdf Info: pdfTeX in PDF mode is detected.
)
\headheight=\dimen102
\headdp=\dimen103
\footheight=\dimen104
\sidebarheight=\dimen105
\beamer@tempdim=\dimen106
\beamer@finalheight=\dimen107
\beamer@animht=\dimen108
\beamer@animdp=\dimen109
\beamer@animwd=\dimen110
\beamer@leftmargin=\dimen111
\beamer@rightmargin=\dimen112
\beamer@leftsidebar=\dimen113
\beamer@rightsidebar=\dimen114
\beamer@boxsize=\dimen115
\beamer@vboxoffset=\dimen116
\beamer@descdefault=\dimen117
\beamer@descriptionwidth=\dimen118
\beamer@lastskip=\skip41
\beamer@areabox=\box28
\beamer@animcurrent=\box29
\beamer@animshowbox=\box30
\beamer@sectionbox=\box31
\beamer@logobox=\box32
\beamer@linebox=\box33
\beamer@sectioncount=\count84
\beamer@subsubsectionmax=\count85
\beamer@subsectionmax=\count86
\beamer@sectionmax=\count87
\beamer@totalheads=\count88
\beamer@headcounter=\count89
\beamer@partstartpage=\count90
\beamer@sectionstartpage=\count91
\beamer@subsectionstartpage=\count92
\beamer@animationtempa=\count93
\beamer@animationtempb=\count94
\beamer@xpos=\count95
\beamer@ypos=\count96
\beamer@showpartnumber=\count97
\beamer@currentsubsection=\count98
\beamer@coveringdepth=\count99
\beamer@sectionadjust=\count100
\beamer@tocsectionnumber=\count101

(/home/pydupont/.texlive2012/texmf-dist/tex/latex/beamer/beamerbaseoptions.sty
Package: beamerbaseoptions 2010/04/27 (rcs-revision 982469101dd6)

(/home/pydupont/.texlive2012/texmf-dist/tex/latex/graphics/keyval.sty
Package: keyval 1999/03/16 v1.13 key=value parser (DPC)
\KV@toks@=\toks14
))
\beamer@paperwidth=\skip42
\beamer@paperheight=\skip43

(/home/pydupont/.texlive2012/texmf-dist/tex/latex/geometry/geometry.sty
Package: geometry 2010/09/12 v5.6 Page Geometry

(/home/pydupont/.texlive2012/texmf-dist/tex/generic/oberdiek/ifvtex.sty
Package: ifvtex 2010/03/01 v1.5 Detect VTeX and its facilities (HO)
Package ifvtex Info: VTeX not detected.
)
(/home/pydupont/.texlive2012/texmf-dist/tex/generic/ifxetex/ifxetex.sty
Package: ifxetex 2010/09/12 v0.6 Provides ifxetex conditional
)
\Gm@cnth=\count102
\Gm@cntv=\count103
\c@Gm@tempcnt=\count104
\Gm@bindingoffset=\dimen119
\Gm@wd@mp=\dimen120
\Gm@odd@mp=\dimen121
\Gm@even@mp=\dimen122
\Gm@layoutwidth=\dimen123
\Gm@layoutheight=\dimen124
\Gm@layouthoffset=\dimen125
\Gm@layoutvoffset=\dimen126
\Gm@dimlist=\toks15
)
(/home/pydupont/.texlive2012/texmf-dist/tex/latex/base/size12.clo
File: size12.clo 2007/10/19 v1.4h Standard LaTeX file (size option)
)
(/home/pydupont/.texlive2012/texmf-dist/tex/latex/pgf/basiclayer/pgfcore.sty
(/home/pydupont/.texlive2012/texmf-dist/tex/latex/graphics/graphicx.sty
Package: graphicx 1999/02/16 v1.0f Enhanced LaTeX Graphics (DPC,SPQR)

(/home/pydupont/.texlive2012/texmf-dist/tex/latex/graphics/graphics.sty
Package: graphics 2009/02/05 v1.0o Standard LaTeX Graphics (DPC,SPQR)

(/home/pydupont/.texlive2012/texmf-dist/tex/latex/graphics/trig.sty
Package: trig 1999/03/16 v1.09 sin cos tan (DPC)
)
(/home/pydupont/.texlive2012/texmf-dist/tex/latex/latexconfig/graphics.cfg
File: graphics.cfg 2010/04/23 v1.9 graphics configuration of TeX Live
)
Package graphics Info: Driver file: pdftex.def on input line 91.

(/home/pydupont/.texlive2012/texmf-dist/tex/latex/pdftex-def/pdftex.def
File: pdftex.def 2011/05/27 v0.06d Graphics/color for pdfTeX

(/home/pydupont/.texlive2012/texmf-dist/tex/generic/oberdiek/infwarerr.sty
Package: infwarerr 2010/04/08 v1.3 Providing info/warning/error messages (HO)
)
(/home/pydupont/.texlive2012/texmf-dist/tex/generic/oberdiek/ltxcmds.sty
Package: ltxcmds 2011/11/09 v1.22 LaTeX kernel commands for general use (HO)
)
\Gread@gobject=\count105
))
\Gin@req@height=\dimen127
\Gin@req@width=\dimen128
)
(/home/pydupont/.texlive2012/texmf-dist/tex/latex/pgf/systemlayer/pgfsys.sty
(/home/pydupont/.texlive2012/texmf-dist/tex/latex/pgf/utilities/pgfrcs.sty
(/home/pydupont/.texlive2012/texmf-dist/tex/generic/pgf/utilities/pgfutil-commo
n.tex
\pgfutil@everybye=\toks16
)
(/home/pydupont/.texlive2012/texmf-dist/tex/generic/pgf/utilities/pgfutil-latex
.def
\pgfutil@abb=\box34
 (/home/pydupont/.texlive2012/texmf-dist/tex/latex/ms/everyshi.sty
Package: everyshi 2001/05/15 v3.00 EveryShipout Package (MS)
))
(/home/pydupont/.texlive2012/texmf-dist/tex/generic/pgf/utilities/pgfrcs.code.t
ex
Package: pgfrcs 2010/10/25 v2.10 (rcs-revision 1.24)
))
(/home/pydupont/.texlive2012/texmf-dist/tex/generic/pgf/systemlayer/pgfsys.code
.tex
Package: pgfsys 2010/06/30 v2.10 (rcs-revision 1.37)

(/home/pydupont/.texlive2012/texmf-dist/tex/generic/pgf/utilities/pgfkeys.code.
tex
\pgfkeys@pathtoks=\toks17
\pgfkeys@temptoks=\toks18

(/home/pydupont/.texlive2012/texmf-dist/tex/generic/pgf/utilities/pgfkeysfilter
ed.code.tex
\pgfkeys@tmptoks=\toks19
))
\pgf@x=\dimen129
\pgf@y=\dimen130
\pgf@xa=\dimen131
\pgf@ya=\dimen132
\pgf@xb=\dimen133
\pgf@yb=\dimen134
\pgf@xc=\dimen135
\pgf@yc=\dimen136
\w@pgf@writea=\write3
\r@pgf@reada=\read1
\c@pgf@counta=\count106
\c@pgf@countb=\count107
\c@pgf@countc=\count108
\c@pgf@countd=\count109

(/home/pydupont/.texlive2012/texmf-dist/tex/generic/pgf/systemlayer/pgf.cfg
File: pgf.cfg 2008/05/14  (rcs-revision 1.7)
)
Package pgfsys Info: Driver file for pgf: pgfsys-pdftex.def on input line 900.

(/home/pydupont/.texlive2012/texmf-dist/tex/generic/pgf/systemlayer/pgfsys-pdft
ex.def
File: pgfsys-pdftex.def 2009/05/22  (rcs-revision 1.26)

(/home/pydupont/.texlive2012/texmf-dist/tex/generic/pgf/systemlayer/pgfsys-comm
on-pdf.def
File: pgfsys-common-pdf.def 2008/05/19  (rcs-revision 1.10)
)))
(/home/pydupont/.texlive2012/texmf-dist/tex/generic/pgf/systemlayer/pgfsyssoftp
ath.code.tex
File: pgfsyssoftpath.code.tex 2008/07/18  (rcs-revision 1.7)
\pgfsyssoftpath@smallbuffer@items=\count110
\pgfsyssoftpath@bigbuffer@items=\count111
)
(/home/pydupont/.texlive2012/texmf-dist/tex/generic/pgf/systemlayer/pgfsysproto
col.code.tex
File: pgfsysprotocol.code.tex 2006/10/16  (rcs-revision 1.4)
))
(/home/pydupont/.texlive2012/texmf-dist/tex/latex/xcolor/xcolor.sty
Package: xcolor 2007/01/21 v2.11 LaTeX color extensions (UK)

(/home/pydupont/.texlive2012/texmf-dist/tex/latex/latexconfig/color.cfg
File: color.cfg 2007/01/18 v1.5 color configuration of teTeX/TeXLive
)
Package xcolor Info: Driver file: pdftex.def on input line 225.
Package xcolor Info: Model `cmy' substituted by `cmy0' on input line 1337.
Package xcolor Info: Model `hsb' substituted by `rgb' on input line 1341.
Package xcolor Info: Model `RGB' extended on input line 1353.
Package xcolor Info: Model `HTML' substituted by `rgb' on input line 1355.
Package xcolor Info: Model `Hsb' substituted by `hsb' on input line 1356.
Package xcolor Info: Model `tHsb' substituted by `hsb' on input line 1357.
Package xcolor Info: Model `HSB' substituted by `hsb' on input line 1358.
Package xcolor Info: Model `Gray' substituted by `gray' on input line 1359.
Package xcolor Info: Model `wave' substituted by `hsb' on input line 1360.
)
(/home/pydupont/.texlive2012/texmf-dist/tex/generic/pgf/basiclayer/pgfcore.code
.tex
Package: pgfcore 2010/04/11 v2.10 (rcs-revision 1.7)

(/home/pydupont/.texlive2012/texmf-dist/tex/generic/pgf/math/pgfmath.code.tex
(/home/pydupont/.texlive2012/texmf-dist/tex/generic/pgf/math/pgfmathcalc.code.t
ex
(/home/pydupont/.texlive2012/texmf-dist/tex/generic/pgf/math/pgfmathutil.code.t
ex)
(/home/pydupont/.texlive2012/texmf-dist/tex/generic/pgf/math/pgfmathparser.code
.tex
\pgfmath@dimen=\dimen137
\pgfmath@count=\count112
\pgfmath@box=\box35
\pgfmath@toks=\toks20
\pgfmath@stack@operand=\toks21
\pgfmath@stack@operation=\toks22
)
(/home/pydupont/.texlive2012/texmf-dist/tex/generic/pgf/math/pgfmathfunctions.c
ode.tex
(/home/pydupont/.texlive2012/texmf-dist/tex/generic/pgf/math/pgfmathfunctions.b
asic.code.tex)
(/home/pydupont/.texlive2012/texmf-dist/tex/generic/pgf/math/pgfmathfunctions.t
rigonometric.code.tex)
(/home/pydupont/.texlive2012/texmf-dist/tex/generic/pgf/math/pgfmathfunctions.r
andom.code.tex)
(/home/pydupont/.texlive2012/texmf-dist/tex/generic/pgf/math/pgfmathfunctions.c
omparison.code.tex)
(/home/pydupont/.texlive2012/texmf-dist/tex/generic/pgf/math/pgfmathfunctions.b
ase.code.tex)
(/home/pydupont/.texlive2012/texmf-dist/tex/generic/pgf/math/pgfmathfunctions.r
ound.code.tex)
(/home/pydupont/.texlive2012/texmf-dist/tex/generic/pgf/math/pgfmathfunctions.m
isc.code.tex)))
(/home/pydupont/.texlive2012/texmf-dist/tex/generic/pgf/math/pgfmathfloat.code.
tex
\c@pgfmathroundto@lastzeros=\count113
))
(/home/pydupont/.texlive2012/texmf-dist/tex/generic/pgf/basiclayer/pgfcorepoint
s.code.tex
File: pgfcorepoints.code.tex 2010/04/09  (rcs-revision 1.20)
\pgf@picminx=\dimen138
\pgf@picmaxx=\dimen139
\pgf@picminy=\dimen140
\pgf@picmaxy=\dimen141
\pgf@pathminx=\dimen142
\pgf@pathmaxx=\dimen143
\pgf@pathminy=\dimen144
\pgf@pathmaxy=\dimen145
\pgf@xx=\dimen146
\pgf@xy=\dimen147
\pgf@yx=\dimen148
\pgf@yy=\dimen149
\pgf@zx=\dimen150
\pgf@zy=\dimen151
)
(/home/pydupont/.texlive2012/texmf-dist/tex/generic/pgf/basiclayer/pgfcorepathc
onstruct.code.tex
File: pgfcorepathconstruct.code.tex 2010/08/03  (rcs-revision 1.24)
\pgf@path@lastx=\dimen152
\pgf@path@lasty=\dimen153
)
(/home/pydupont/.texlive2012/texmf-dist/tex/generic/pgf/basiclayer/pgfcorepathu
sage.code.tex
File: pgfcorepathusage.code.tex 2008/04/22  (rcs-revision 1.12)
\pgf@shorten@end@additional=\dimen154
\pgf@shorten@start@additional=\dimen155
)
(/home/pydupont/.texlive2012/texmf-dist/tex/generic/pgf/basiclayer/pgfcorescope
s.code.tex
File: pgfcorescopes.code.tex 2010/09/08  (rcs-revision 1.34)
\pgfpic=\box36
\pgf@hbox=\box37
\pgf@layerbox@main=\box38
\pgf@picture@serial@count=\count114
)
(/home/pydupont/.texlive2012/texmf-dist/tex/generic/pgf/basiclayer/pgfcoregraph
icstate.code.tex
File: pgfcoregraphicstate.code.tex 2008/04/22  (rcs-revision 1.9)
\pgflinewidth=\dimen156
)
(/home/pydupont/.texlive2012/texmf-dist/tex/generic/pgf/basiclayer/pgfcoretrans
formations.code.tex
File: pgfcoretransformations.code.tex 2009/06/10  (rcs-revision 1.11)
\pgf@pt@x=\dimen157
\pgf@pt@y=\dimen158
\pgf@pt@temp=\dimen159
)
(/home/pydupont/.texlive2012/texmf-dist/tex/generic/pgf/basiclayer/pgfcorequick
.code.tex
File: pgfcorequick.code.tex 2008/10/09  (rcs-revision 1.3)
)
(/home/pydupont/.texlive2012/texmf-dist/tex/generic/pgf/basiclayer/pgfcoreobjec
ts.code.tex
File: pgfcoreobjects.code.tex 2006/10/11  (rcs-revision 1.2)
)
(/home/pydupont/.texlive2012/texmf-dist/tex/generic/pgf/basiclayer/pgfcorepathp
rocessing.code.tex
File: pgfcorepathprocessing.code.tex 2008/10/09  (rcs-revision 1.8)
)
(/home/pydupont/.texlive2012/texmf-dist/tex/generic/pgf/basiclayer/pgfcorearrow
s.code.tex
File: pgfcorearrows.code.tex 2008/04/23  (rcs-revision 1.11)
)
(/home/pydupont/.texlive2012/texmf-dist/tex/generic/pgf/basiclayer/pgfcoreshade
.code.tex
File: pgfcoreshade.code.tex 2008/11/23  (rcs-revision 1.13)
\pgf@max=\dimen160
\pgf@sys@shading@range@num=\count115
)
(/home/pydupont/.texlive2012/texmf-dist/tex/generic/pgf/basiclayer/pgfcoreimage
.code.tex
File: pgfcoreimage.code.tex 2010/03/25  (rcs-revision 1.16)

(/home/pydupont/.texlive2012/texmf-dist/tex/generic/pgf/basiclayer/pgfcoreexter
nal.code.tex
File: pgfcoreexternal.code.tex 2010/09/01  (rcs-revision 1.17)
\pgfexternal@startupbox=\box39
))
(/home/pydupont/.texlive2012/texmf-dist/tex/generic/pgf/basiclayer/pgfcorelayer
s.code.tex
File: pgfcorelayers.code.tex 2010/08/27  (rcs-revision 1.2)
)
(/home/pydupont/.texlive2012/texmf-dist/tex/generic/pgf/basiclayer/pgfcoretrans
parency.code.tex
File: pgfcoretransparency.code.tex 2008/01/17  (rcs-revision 1.2)
)
(/home/pydupont/.texlive2012/texmf-dist/tex/generic/pgf/basiclayer/pgfcorepatte
rns.code.tex
File: pgfcorepatterns.code.tex 2009/07/02  (rcs-revision 1.3)
)))
(/home/pydupont/.texlive2012/texmf-dist/tex/latex/pgf/utilities/xxcolor.sty
Package: xxcolor 2003/10/24 ver 0.1
\XC@nummixins=\count116
\XC@countmixins=\count117
)
(/home/pydupont/.texlive2012/texmf-dist/tex/latex/hyperref/hyperref.sty
Package: hyperref 2012/09/27 v6.83g Hypertext links for LaTeX

(/home/pydupont/.texlive2012/texmf-dist/tex/generic/oberdiek/hobsub-hyperref.st
y
Package: hobsub-hyperref 2012/05/28 v1.13 Bundle oberdiek, subset hyperref (HO)


(/home/pydupont/.texlive2012/texmf-dist/tex/generic/oberdiek/hobsub-generic.sty
Package: hobsub-generic 2012/05/28 v1.13 Bundle oberdiek, subset generic (HO)
Package: hobsub 2012/05/28 v1.13 Construct package bundles (HO)
Package hobsub Info: Skipping package `infwarerr' (already loaded).
Package hobsub Info: Skipping package `ltxcmds' (already loaded).
Package: ifluatex 2010/03/01 v1.3 Provides the ifluatex switch (HO)
Package ifluatex Info: LuaTeX not detected.
Package hobsub Info: Skipping package `ifvtex' (already loaded).
Package: intcalc 2007/09/27 v1.1 Expandable calculations with integers (HO)
Package hobsub Info: Skipping package `ifpdf' (already loaded).
Package: etexcmds 2011/02/16 v1.5 Avoid name clashes with e-TeX commands (HO)
Package etexcmds Info: Could not find \expanded.
(etexcmds)             That can mean that you are not using pdfTeX 1.50 or
(etexcmds)             that some package has redefined \expanded.
(etexcmds)             In the latter case, load this package earlier.
Package: kvsetkeys 2012/04/25 v1.16 Key value parser (HO)
Package: kvdefinekeys 2011/04/07 v1.3 Define keys (HO)
Package: pdftexcmds 2011/11/29 v0.20 Utility functions of pdfTeX for LuaTeX (HO
)
Package pdftexcmds Info: LuaTeX not detected.
Package pdftexcmds Info: \pdf@primitive is available.
Package pdftexcmds Info: \pdf@ifprimitive is available.
Package pdftexcmds Info: \pdfdraftmode found.
Package: pdfescape 2011/11/25 v1.13 Implements pdfTeX's escape features (HO)
Package: bigintcalc 2012/04/08 v1.3 Expandable calculations on big integers (HO
)
Package: bitset 2011/01/30 v1.1 Handle bit-vector datatype (HO)
Package: uniquecounter 2011/01/30 v1.2 Provide unlimited unique counter (HO)
)
Package hobsub Info: Skipping package `hobsub' (already loaded).
Package: letltxmacro 2010/09/02 v1.4 Let assignment for LaTeX macros (HO)
Package: hopatch 2012/05/28 v1.2 Wrapper for package hooks (HO)
Package: xcolor-patch 2011/01/30 xcolor patch
Package: atveryend 2011/06/30 v1.8 Hooks at the very end of document (HO)
Package atveryend Info: \enddocument detected (standard20110627).
Package: atbegshi 2011/10/05 v1.16 At begin shipout hook (HO)
Package: refcount 2011/10/16 v3.4 Data extraction from label references (HO)
Package: hycolor 2011/01/30 v1.7 Color options for hyperref/bookmark (HO)
) (/home/pydupont/.texlive2012/texmf-dist/tex/latex/oberdiek/auxhook.sty
Package: auxhook 2011/03/04 v1.3 Hooks for auxiliary files (HO)
)
(/home/pydupont/.texlive2012/texmf-dist/tex/latex/oberdiek/kvoptions.sty
Package: kvoptions 2011/06/30 v3.11 Key value format for package options (HO)
)
\@linkdim=\dimen161
\Hy@linkcounter=\count118
\Hy@pagecounter=\count119

(/home/pydupont/.texlive2012/texmf-dist/tex/latex/hyperref/pd1enc.def
File: pd1enc.def 2012/09/27 v6.83g Hyperref: PDFDocEncoding definition (HO)
)
\Hy@SavedSpaceFactor=\count120

(/home/pydupont/.texlive2012/texmf-dist/tex/latex/latexconfig/hyperref.cfg
File: hyperref.cfg 2002/06/06 v1.2 hyperref configuration of TeXLive
)
Package hyperref Info: Option `bookmarks' set `true' on input line 4164.
Package hyperref Info: Option `bookmarksopen' set `true' on input line 4164.
Package hyperref Info: Option `implicit' set `false' on input line 4164.
Package hyperref Info: Hyper figures OFF on input line 4288.
Package hyperref Info: Link nesting OFF on input line 4293.
Package hyperref Info: Hyper index ON on input line 4296.
Package hyperref Info: Plain pages OFF on input line 4303.
Package hyperref Info: Backreferencing OFF on input line 4308.
Package hyperref Info: Implicit mode OFF; no redefinition of LaTeX internals.
Package hyperref Info: Bookmarks ON on input line 4533.
\c@Hy@tempcnt=\count121

(/home/pydupont/.texlive2012/texmf-dist/tex/latex/url/url.sty
\Urlmuskip=\muskip10
Package: url 2006/04/12  ver 3.3  Verb mode for urls, etc.
)
LaTeX Info: Redefining \url on input line 4886.
\XeTeXLinkMargin=\dimen162
\Fld@menulength=\count122
\Field@Width=\dimen163
\Fld@charsize=\dimen164
Package hyperref Info: Hyper figures OFF on input line 6129.
Package hyperref Info: Link nesting OFF on input line 6134.
Package hyperref Info: Hyper index ON on input line 6137.
Package hyperref Info: backreferencing OFF on input line 6144.
Package hyperref Info: Link coloring OFF on input line 6149.
Package hyperref Info: Link coloring with OCG OFF on input line 6154.
Package hyperref Info: PDF/A mode OFF on input line 6159.
LaTeX Info: Redefining \ref on input line 6199.
LaTeX Info: Redefining \pageref on input line 6203.
\Hy@abspage=\count123


Package hyperref Message: Stopped early.

)

Package hyperref Message: Driver (autodetected): hpdftex.

(/home/pydupont/.texlive2012/texmf-dist/tex/latex/hyperref/hpdftex.def
File: hpdftex.def 2012/09/27 v6.83g Hyperref driver for pdfTeX
\Fld@listcount=\count124
\c@bookmark@seq@number=\count125

(/home/pydupont/.texlive2012/texmf-dist/tex/latex/oberdiek/rerunfilecheck.sty
Package: rerunfilecheck 2011/04/15 v1.7 Rerun checks for auxiliary files (HO)
Package uniquecounter Info: New unique counter `rerunfilecheck' on input line 2
82.
))
(/home/pydupont/.texlive2012/texmf-dist/tex/latex/beamer/beamerbaserequires.sty
Package: beamerbaserequires 2010/05/01  (rcs-revision efa082c6111d)

(/home/pydupont/.texlive2012/texmf-dist/tex/latex/beamer/beamerbasecompatibilit
y.sty
Package: beamerbasecompatibility 2012/05/01  (rcs-revision 67c48b3b652d)
)
(/home/pydupont/.texlive2012/texmf-dist/tex/latex/beamer/beamerbasefont.sty
Package: beamerbasefont 2012/09/19  (rcs-revision 733629cd0c6c)

(/home/pydupont/.texlive2012/texmf-dist/tex/latex/amsfonts/amssymb.sty
Package: amssymb 2009/06/22 v3.00

(/home/pydupont/.texlive2012/texmf-dist/tex/latex/amsfonts/amsfonts.sty
Package: amsfonts 2009/06/22 v3.00 Basic AMSFonts support
\@emptytoks=\toks23
\symAMSa=\mathgroup4
\symAMSb=\mathgroup5
LaTeX Font Info:    Overwriting math alphabet `\mathfrak' in version `bold'
(Font)                  U/euf/m/n --> U/euf/b/n on input line 96.
)))
(/home/pydupont/.texlive2012/texmf-dist/tex/latex/beamer/beamerbasetranslator.s
ty
Package: beamerbasetranslator 2010/06/11  (rcs-revision 85fd1cc7fc42)

(/home/pydupont/.texlive2012/texmf-dist/tex/latex/beamer/translator/translator.
sty
Package: translator 2010/06/12 ver 1.10

(/home/pydupont/.texlive2012/texmf-dist/tex/latex/beamer/translator/translator-
language-mappings.tex)))
(/home/pydupont/.texlive2012/texmf-dist/tex/latex/beamer/beamerbasemisc.sty
Package: beamerbasemisc 2012/02/24  (rcs-revision 2ff5461be705)
)
(/home/pydupont/.texlive2012/texmf-dist/tex/latex/beamer/beamerbasetwoscreens.s
ty
Package: beamerbasetwoscreens 2010/05/01  (rcs-revision efa082c6111d)
)
(/home/pydupont/.texlive2012/texmf-dist/tex/latex/beamer/beamerbaseoverlay.sty
Package: beamerbaseoverlay 2012/04/03  (rcs-revision 45744d9ae88b)
\beamer@argscount=\count126
\beamer@lastskipcover=\skip44
\beamer@trivlistdepth=\count127
) (/home/pydupont/.texlive2012/texmf-dist/tex/latex/beamer/beamerbasetitle.sty
Package: beamerbasetitle 2010/09/21  (rcs-revision f0446ed0b6ae)
)
(/home/pydupont/.texlive2012/texmf-dist/tex/latex/beamer/beamerbasesection.sty
Package: beamerbasesection 2012/05/30  (rcs-revision 22ff49def670)
\c@lecture=\count128
\c@part=\count129
\c@section=\count130
\c@subsection=\count131
\c@subsubsection=\count132
) (/home/pydupont/.texlive2012/texmf-dist/tex/latex/beamer/beamerbaseframe.sty
Package: beamerbaseframe 2012/09/13  (rcs-revision dcd846607320)
\beamer@framebox=\box40
\beamer@frametitlebox=\box41
\beamer@zoombox=\box42
\beamer@zoomcount=\count133
\beamer@zoomframecount=\count134
\beamer@frametextheight=\dimen165
\c@subsectionslide=\count135
\beamer@frametopskip=\skip45
\beamer@framebottomskip=\skip46
\beamer@frametopskipautobreak=\skip47
\beamer@framebottomskipautobreak=\skip48
\beamer@envbody=\toks24
\framewidth=\dimen166
\c@framenumber=\count136
)
(/home/pydupont/.texlive2012/texmf-dist/tex/latex/beamer/beamerbaseverbatim.sty
Package: beamerbaseverbatim 2012/08/30  (rcs-revision dfdb135076b3)
\beamer@verbatimfileout=\write4
)
(/home/pydupont/.texlive2012/texmf-dist/tex/latex/beamer/beamerbaseframesize.st
y
Package: beamerbaseframesize 2011/09/12  (rcs-revision 70f9d8411e54)
\beamer@splitbox=\box43
\beamer@autobreakcount=\count137
\beamer@autobreaklastheight=\dimen167
\beamer@frametitletoks=\toks25
\beamer@framesubtitletoks=\toks26
)
(/home/pydupont/.texlive2012/texmf-dist/tex/latex/beamer/beamerbaseframecompone
nts.sty
Package: beamerbaseframecomponents 2012/09/13  (rcs-revision dcd846607320)
\beamer@footins=\box44
)
(/home/pydupont/.texlive2012/texmf-dist/tex/latex/beamer/beamerbasecolor.sty
Package: beamerbasecolor 2010/06/06  (rcs-revision d1a9b48be06d)
)
(/home/pydupont/.texlive2012/texmf-dist/tex/latex/beamer/beamerbasenotes.sty
Package: beamerbasenotes 2010/05/01  (rcs-revision efa082c6111d)
\beamer@frameboxcopy=\box45
)
(/home/pydupont/.texlive2012/texmf-dist/tex/latex/beamer/beamerbasetoc.sty
Package: beamerbasetoc 2012/02/28  (rcs-revision 138681b92320)
)
(/home/pydupont/.texlive2012/texmf-dist/tex/latex/beamer/beamerbasetemplates.st
y
Package: beamerbasetemplates 2010/05/01  (rcs-revision efa082c6111d)
\beamer@sbttoks=\toks27

(/home/pydupont/.texlive2012/texmf-dist/tex/latex/beamer/beamerbaseauxtemplates
.sty
Package: beamerbaseauxtemplates 2012/05/01  (rcs-revision 67c48b3b652d)

(/home/pydupont/.texlive2012/texmf-dist/tex/latex/beamer/beamerbaseboxes.sty
Package: beamerbaseboxes 2012/05/13  (rcs-revision 56972908a390)
\bmb@box=\box46
\bmb@colorbox=\box47
\bmb@boxshadow=\box48
\bmb@boxshadowball=\box49
\bmb@boxshadowballlarge=\box50
\bmb@temp=\dimen168
\bmb@dima=\dimen169
\bmb@dimb=\dimen170
\bmb@prevheight=\dimen171
)
\beamer@blockheadheight=\dimen172
))
(/home/pydupont/.texlive2012/texmf-dist/tex/latex/beamer/beamerbaselocalstructu
re.sty
Package: beamerbaselocalstructure 2012/05/25  (rcs-revision 5ff5e8ed7c0e)
 (/home/pydupont/.texlive2012/texmf-dist/tex/latex/tools/enumerate.sty
Package: enumerate 1999/03/05 v3.00 enumerate extensions (DPC)
\@enLab=\toks28
)
\c@figure=\count138
\c@table=\count139
\abovecaptionskip=\skip49
\belowcaptionskip=\skip50
)
(/home/pydupont/.texlive2012/texmf-dist/tex/latex/beamer/beamerbasenavigation.s
ty
Package: beamerbasenavigation 2012/04/03  (rcs-revision 42a0f21a412d)
\beamer@section@min@dim=\dimen173
)
(/home/pydupont/.texlive2012/texmf-dist/tex/latex/beamer/beamerbasetheorems.sty
Package: beamerbasetheorems 2010/06/06  (rcs-revision 7e7cc5e53e9d)
(/home/pydupont/.texlive2012/texmf-dist/tex/latex/amsmath/amsmath.sty
Package: amsmath 2000/07/18 v2.13 AMS math features
\@mathmargin=\skip51

For additional information on amsmath, use the `?' option.
(/home/pydupont/.texlive2012/texmf-dist/tex/latex/amsmath/amstext.sty
Package: amstext 2000/06/29 v2.01

(/home/pydupont/.texlive2012/texmf-dist/tex/latex/amsmath/amsgen.sty
File: amsgen.sty 1999/11/30 v2.0
\@emptytoks=\toks29
\ex@=\dimen174
))
(/home/pydupont/.texlive2012/texmf-dist/tex/latex/amsmath/amsbsy.sty
Package: amsbsy 1999/11/29 v1.2d
\pmbraise@=\dimen175
)
(/home/pydupont/.texlive2012/texmf-dist/tex/latex/amsmath/amsopn.sty
Package: amsopn 1999/12/14 v2.01 operator names
)
\inf@bad=\count140
LaTeX Info: Redefining \frac on input line 211.
\uproot@=\count141
\leftroot@=\count142
LaTeX Info: Redefining \overline on input line 307.
\classnum@=\count143
\DOTSCASE@=\count144
LaTeX Info: Redefining \ldots on input line 379.
LaTeX Info: Redefining \dots on input line 382.
LaTeX Info: Redefining \cdots on input line 467.
\Mathstrutbox@=\box51
\strutbox@=\box52
\big@size=\dimen176
LaTeX Font Info:    Redeclaring font encoding OML on input line 567.
LaTeX Font Info:    Redeclaring font encoding OMS on input line 568.
\macc@depth=\count145
\c@MaxMatrixCols=\count146
\dotsspace@=\muskip11
\c@parentequation=\count147
\dspbrk@lvl=\count148
\tag@help=\toks30
\row@=\count149
\column@=\count150
\maxfields@=\count151
\andhelp@=\toks31
\eqnshift@=\dimen177
\alignsep@=\dimen178
\tagshift@=\dimen179
\tagwidth@=\dimen180
\totwidth@=\dimen181
\lineht@=\dimen182
\@envbody=\toks32
\multlinegap=\skip52
\multlinetaggap=\skip53
\mathdisplay@stack=\toks33
LaTeX Info: Redefining \[ on input line 2666.
LaTeX Info: Redefining \] on input line 2667.
)
(/home/pydupont/.texlive2012/texmf-dist/tex/latex/amscls/amsthm.sty
Package: amsthm 2009/07/02 v2.20.1
\thm@style=\toks34
\thm@bodyfont=\toks35
\thm@headfont=\toks36
\thm@notefont=\toks37
\thm@headpunct=\toks38
\thm@preskip=\skip54
\thm@postskip=\skip55
\thm@headsep=\skip56
\dth@everypar=\toks39
)
\c@theorem=\count152
)
(/home/pydupont/.texlive2012/texmf-dist/tex/latex/beamer/beamerbasethemes.sty
Package: beamerbasethemes 2010/05/01  (rcs-revision efa082c6111d)
))
(/home/pydupont/.texlive2012/texmf-dist/tex/latex/beamer/themes/theme/beamerthe
medefault.sty
Package: beamerthemedefault 2010/06/17  (rcs-revision d02a7cf4d8ae)

(/home/pydupont/.texlive2012/texmf-dist/tex/latex/beamer/themes/font/beamerfont
themedefault.sty
Package: beamerfontthemedefault 2010/06/17  (rcs-revision d02a7cf4d8ae)
)
(/home/pydupont/.texlive2012/texmf-dist/tex/latex/beamer/themes/color/beamercol
orthemedefault.sty
Package: beamercolorthemedefault 2010/06/17  (rcs-revision d02a7cf4d8ae)
)
(/home/pydupont/.texlive2012/texmf-dist/tex/latex/beamer/themes/inner/beamerinn
erthemedefault.sty
Package: beamerinnerthemedefault 2012/05/01  (rcs-revision 67c48b3b652d)
\beamer@dima=\dimen183
\beamer@dimb=\dimen184
)
(/home/pydupont/.texlive2012/texmf-dist/tex/latex/beamer/themes/outer/beamerout
erthemedefault.sty
Package: beamerouterthemedefault 2010/06/17  (rcs-revision d02a7cf4d8ae)
)))
(/home/pydupont/.texlive2012/texmf-dist/tex/latex/tools/array.sty
Package: array 2008/09/09 v2.4c Tabular extension package (FMi)
\col@sep=\dimen185
\extrarowheight=\dimen186
\NC@list=\toks40
\extratabsurround=\skip57
\backup@length=\skip58
)
(/home/pydupont/.texlive2012/texmf-dist/tex/latex/listings/listings.sty
\lst@mode=\count153
\lst@gtempboxa=\box53
\lst@token=\toks41
\lst@length=\count154
\lst@currlwidth=\dimen187
\lst@column=\count155
\lst@pos=\count156
\lst@lostspace=\dimen188
\lst@width=\dimen189
\lst@newlines=\count157
\lst@lineno=\count158
\lst@maxwidth=\dimen190

(/home/pydupont/.texlive2012/texmf-dist/tex/latex/listings/lstmisc.sty
File: lstmisc.sty 2007/02/22 1.4 (Carsten Heinz)
\c@lstnumber=\count159
\lst@skipnumbers=\count160
\lst@framebox=\box54
)
(/home/pydupont/.texlive2012/texmf-dist/tex/latex/listings/listings.cfg
File: listings.cfg 2007/02/22 1.4 listings configuration
))
Package: listings 2007/02/22 1.4 (Carsten Heinz)

(/home/pydupont/.texlive2012/texmf-dist/tex/latex/minted/minted.sty
Package: minted 2011/09/17 v1.7 Yet another Pygments shim for LaTeX

(/home/pydupont/.texlive2012/texmf-dist/tex/latex/fancyvrb/fancyvrb.sty
Package: fancyvrb 2008/02/07

Style option: `fancyvrb' v2.7a, with DG/SPQR fixes, and firstline=lastline fix 
<2008/02/07> (tvz)
\FV@CodeLineNo=\count161
\FV@InFile=\read2
\FV@TabBox=\box55
\c@FancyVerbLine=\count162
\FV@StepNumber=\count163
\FV@OutFile=\write5
)
(/home/pydupont/.texlive2012/texmf-dist/tex/latex/float/float.sty
Package: float 2001/11/08 v1.3d Float enhancements (AL)
\c@float@type=\count164
\float@exts=\toks42
\float@box=\box56
\@float@everytoks=\toks43
\@floatcapt=\box57
)
(/home/pydupont/.texlive2012/texmf-dist/tex/latex/base/ifthen.sty
Package: ifthen 2001/05/26 v1.1c Standard LaTeX ifthen package (DPC)
)
(/home/pydupont/.texlive2012/texmf-dist/tex/latex/tools/calc.sty
Package: calc 2007/08/22 v4.3 Infix arithmetic (KKT,FJ)
\calc@Acount=\count165
\calc@Bcount=\count166
\calc@Adimen=\dimen191
\calc@Bdimen=\dimen192
\calc@Askip=\skip59
\calc@Bskip=\skip60
LaTeX Info: Redefining \setlength on input line 76.
LaTeX Info: Redefining \addtolength on input line 77.
\calc@Ccount=\count167
\calc@Cskip=\skip61
)
(/home/pydupont/.texlive2012/texmf-dist/tex/latex/ifplatform/ifplatform.sty
Package: ifplatform 2010/10/22 v0.4 Testing for the operating system

(/home/pydupont/.texlive2012/texmf-dist/tex/generic/oberdiek/catchfile.sty
Package: catchfile 2011/03/01 v1.6 Catch the contents of a file (HO)
)
runsystem(uname -s > "presentation.w18")...executed.


(./presentation.w18)
runsystem(rm -- "presentation.w18")...executed.

)
\minted@bgbox=\box58
\minted@code=\write6
\@float@every@listing=\toks44
\c@listing=\count168
)
runsystem(which pygmentize && touch presentation.aex)...executed.

runsystem(rm presentation.aex)...executed.

runsystem(pygmentize -S autumn -f latex > presentation.pyg)...executed.

 (./presentation.pyg)
(/home/pydupont/.texlive2012/texmf-dist/tex/latex/beamer/themes/theme/beamerthe
meBoadilla.sty
Package: beamerthemeBoadilla 2010/06/17  (rcs-revision d02a7cf4d8ae)

(/home/pydupont/.texlive2012/texmf-dist/tex/latex/beamer/themes/color/beamercol
orthemerose.sty
Package: beamercolorthemerose 2010/06/17  (rcs-revision d02a7cf4d8ae)
)
(/home/pydupont/.texlive2012/texmf-dist/tex/latex/beamer/themes/inner/beamerinn
erthemerounded.sty
Package: beamerinnerthemerounded 2010/06/17  (rcs-revision d02a7cf4d8ae)
)
(/home/pydupont/.texlive2012/texmf-dist/tex/latex/beamer/themes/color/beamercol
orthemedolphin.sty
Package: beamercolorthemedolphin 2010/06/17  (rcs-revision d02a7cf4d8ae)
)
(/home/pydupont/.texlive2012/texmf-dist/tex/latex/beamer/themes/outer/beamerout
erthemeinfolines.sty
Package: beamerouterthemeinfolines 2012/05/30  (rcs-revision cbdb60c45607)
))
(/home/pydupont/.texlive2012/texmf-dist/tex/latex/psnfss/times.sty
Package: times 2005/04/12 PSNFSS-v9.2a (SPQR) 
)
(/home/pydupont/.texlive2012/texmf-dist/tex/latex/pgf/frontendlayer/tikz.sty
(/home/pydupont/.texlive2012/texmf-dist/tex/latex/pgf/basiclayer/pgf.sty
Package: pgf 2008/01/15 v2.10 (rcs-revision 1.12)

(/home/pydupont/.texlive2012/texmf-dist/tex/generic/pgf/modules/pgfmoduleshapes
.code.tex
File: pgfmoduleshapes.code.tex 2010/09/09  (rcs-revision 1.13)
\pgfnodeparttextbox=\box59
)
(/home/pydupont/.texlive2012/texmf-dist/tex/generic/pgf/modules/pgfmoduleplot.c
ode.tex
File: pgfmoduleplot.code.tex 2010/10/22  (rcs-revision 1.8)
)
(/home/pydupont/.texlive2012/texmf-dist/tex/latex/pgf/compatibility/pgfcomp-ver
sion-0-65.sty
Package: pgfcomp-version-0-65 2007/07/03 v2.10 (rcs-revision 1.7)
\pgf@nodesepstart=\dimen193
\pgf@nodesepend=\dimen194
)
(/home/pydupont/.texlive2012/texmf-dist/tex/latex/pgf/compatibility/pgfcomp-ver
sion-1-18.sty
Package: pgfcomp-version-1-18 2007/07/23 v2.10 (rcs-revision 1.1)
))
(/home/pydupont/.texlive2012/texmf-dist/tex/latex/pgf/utilities/pgffor.sty
(/home/pydupont/.texlive2012/texmf-dist/tex/latex/pgf/utilities/pgfkeys.sty
(/home/pydupont/.texlive2012/texmf-dist/tex/generic/pgf/utilities/pgfkeys.code.
tex))
(/home/pydupont/.texlive2012/texmf-dist/tex/generic/pgf/utilities/pgffor.code.t
ex
Package: pgffor 2010/03/23 v2.10 (rcs-revision 1.18)
\pgffor@iter=\dimen195
\pgffor@skip=\dimen196
\pgffor@stack=\toks45
\pgffor@toks=\toks46
))
(/home/pydupont/.texlive2012/texmf-dist/tex/generic/pgf/frontendlayer/tikz/tikz
.code.tex
Package: tikz 2010/10/13 v2.10 (rcs-revision 1.76)

(/home/pydupont/.texlive2012/texmf-dist/tex/generic/pgf/libraries/pgflibraryplo
thandlers.code.tex
File: pgflibraryplothandlers.code.tex 2010/05/31 v2.10 (rcs-revision 1.15)
\pgf@plot@mark@count=\count169
\pgfplotmarksize=\dimen197
)
\tikz@lastx=\dimen198
\tikz@lasty=\dimen199
\tikz@lastxsaved=\dimen200
\tikz@lastysaved=\dimen201
\tikzleveldistance=\dimen202
\tikzsiblingdistance=\dimen203
\tikz@figbox=\box60
\tikz@tempbox=\box61
\tikztreelevel=\count170
\tikznumberofchildren=\count171
\tikznumberofcurrentchild=\count172
\tikz@fig@count=\count173

(/home/pydupont/.texlive2012/texmf-dist/tex/generic/pgf/modules/pgfmodulematrix
.code.tex
File: pgfmodulematrix.code.tex 2010/08/24  (rcs-revision 1.4)
\pgfmatrixcurrentrow=\count174
\pgfmatrixcurrentcolumn=\count175
\pgf@matrix@numberofcolumns=\count176
)
\tikz@expandcount=\count177

(/home/pydupont/.texlive2012/texmf-dist/tex/generic/pgf/frontendlayer/tikz/libr
aries/tikzlibrarytopaths.code.tex
File: tikzlibrarytopaths.code.tex 2008/06/17 v2.10 (rcs-revision 1.2)
)))
(/home/pydupont/.texlive2012/texmf-dist/tex/latex/tools/verbatim.sty
Package: verbatim 2003/08/22 v1.5q LaTeX2e package for verbatim enhancements
\every@verbatim=\toks47
\verbatim@line=\toks48
\verbatim@in@stream=\read3
)
(/home/pydupont/.texlive2012/texmf-dist/tex/generic/pgf/frontendlayer/tikz/libr
aries/tikzlibraryarrows.code.tex
File: tikzlibraryarrows.code.tex 2008/01/09 v2.10 (rcs-revision 1.1)

(/home/pydupont/.texlive2012/texmf-dist/tex/generic/pgf/libraries/pgflibraryarr
ows.code.tex
File: pgflibraryarrows.code.tex 2008/10/27 v2.10 (rcs-revision 1.9)
\arrowsize=\dimen204
))
(/home/pydupont/.texlive2012/texmf-dist/tex/generic/pgf/frontendlayer/tikz/libr
aries/tikzlibraryshapes.code.tex
File: tikzlibraryshapes.code.tex 2008/01/09 v2.10 (rcs-revision 1.1)

(/home/pydupont/.texlive2012/texmf-dist/tex/generic/pgf/frontendlayer/tikz/libr
aries/tikzlibraryshapes.geometric.code.tex
File: tikzlibraryshapes.geometric.code.tex 2008/01/09 v2.10 (rcs-revision 1.1)

(/home/pydupont/.texlive2012/texmf-dist/tex/generic/pgf/libraries/shapes/pgflib
raryshapes.geometric.code.tex
File: pgflibraryshapes.geometric.code.tex 2008/06/26 v2.10 (rcs-revision 1.1)
))
(/home/pydupont/.texlive2012/texmf-dist/tex/generic/pgf/frontendlayer/tikz/libr
aries/tikzlibraryshapes.misc.code.tex
File: tikzlibraryshapes.misc.code.tex 2008/01/09 v2.10 (rcs-revision 1.1)

(/home/pydupont/.texlive2012/texmf-dist/tex/generic/pgf/libraries/shapes/pgflib
raryshapes.misc.code.tex
File: pgflibraryshapes.misc.code.tex 2008/10/07 v2.10 (rcs-revision 1.3)
))
(/home/pydupont/.texlive2012/texmf-dist/tex/generic/pgf/frontendlayer/tikz/libr
aries/tikzlibraryshapes.symbols.code.tex
File: tikzlibraryshapes.symbols.code.tex 2008/01/09 v2.10 (rcs-revision 1.1)

(/home/pydupont/.texlive2012/texmf-dist/tex/generic/pgf/libraries/shapes/pgflib
raryshapes.symbols.code.tex
File: pgflibraryshapes.symbols.code.tex 2009/10/27 v2.10 (rcs-revision 1.3)
))
(/home/pydupont/.texlive2012/texmf-dist/tex/generic/pgf/frontendlayer/tikz/libr
aries/tikzlibraryshapes.arrows.code.tex
File: tikzlibraryshapes.arrows.code.tex 2008/01/09 v2.10 (rcs-revision 1.1)

(/home/pydupont/.texlive2012/texmf-dist/tex/generic/pgf/libraries/shapes/pgflib
raryshapes.arrows.code.tex
File: pgflibraryshapes.arrows.code.tex 2008/06/26 v2.10 (rcs-revision 1.1)
))
(/home/pydupont/.texlive2012/texmf-dist/tex/generic/pgf/frontendlayer/tikz/libr
aries/tikzlibraryshapes.callouts.code.tex
(/home/pydupont/.texlive2012/texmf-dist/tex/generic/pgf/libraries/shapes/pgflib
raryshapes.callouts.code.tex))
(/home/pydupont/.texlive2012/texmf-dist/tex/generic/pgf/frontendlayer/tikz/libr
aries/tikzlibraryshapes.multipart.code.tex
File: tikzlibraryshapes.multipart.code.tex 2008/01/09 v2.10 (rcs-revision 1.1)

(/home/pydupont/.texlive2012/texmf-dist/tex/generic/pgf/libraries/shapes/pgflib
raryshapes.multipart.code.tex
File: pgflibraryshapes.multipart.code.tex 2010/01/07 v2.10 (rcs-revision 1.2)
\pgfnodepartlowerbox=\box62
\pgfnodeparttwobox=\box63
\pgfnodepartthreebox=\box64
\pgfnodepartfourbox=\box65
\pgfnodeparttwentybox=\box66
\pgfnodepartnineteenbox=\box67
\pgfnodeparteighteenbox=\box68
\pgfnodepartseventeenbox=\box69
\pgfnodepartsixteenbox=\box70
\pgfnodepartfifteenbox=\box71
\pgfnodepartfourteenbox=\box72
\pgfnodepartthirteenbox=\box73
\pgfnodeparttwelvebox=\box74
\pgfnodepartelevenbox=\box75
\pgfnodeparttenbox=\box76
\pgfnodepartninebox=\box77
\pgfnodeparteightbox=\box78
\pgfnodepartsevenbox=\box79
\pgfnodepartsixbox=\box80
\pgfnodepartfivebox=\box81
)))
(/home/pydupont/.texlive2012/texmf-dist/tex/latex/natbib/natbib.sty
Package: natbib 2010/09/13 8.31b (PWD, AO)
\bibhang=\skip62
\bibsep=\skip63
LaTeX Info: Redefining \cite on input line 694.
\c@NAT@ctr=\count178
)
(./presentation.aux)
\openout1 = `presentation.aux'.

LaTeX Font Info:    Checking defaults for OML/cmm/m/it on input line 46.
LaTeX Font Info:    ... okay on input line 46.
LaTeX Font Info:    Checking defaults for T1/cmr/m/n on input line 46.
LaTeX Font Info:    ... okay on input line 46.
LaTeX Font Info:    Checking defaults for OT1/cmr/m/n on input line 46.
LaTeX Font Info:    ... okay on input line 46.
LaTeX Font Info:    Checking defaults for OMS/cmsy/m/n on input line 46.
LaTeX Font Info:    ... okay on input line 46.
LaTeX Font Info:    Checking defaults for OMX/cmex/m/n on input line 46.
LaTeX Font Info:    ... okay on input line 46.
LaTeX Font Info:    Checking defaults for U/cmr/m/n on input line 46.
LaTeX Font Info:    ... okay on input line 46.
LaTeX Font Info:    Checking defaults for PD1/pdf/m/n on input line 46.
LaTeX Font Info:    ... okay on input line 46.
LaTeX Font Info:    Try loading font information for OT1+phv on input line 46.

(/home/pydupont/.texlive2012/texmf-dist/tex/latex/psnfss/ot1phv.fd
File: ot1phv.fd 2001/06/04 scalable font definitions for OT1/phv.
)
*geometry* driver: auto-detecting
*geometry* detected driver: pdftex
*geometry* verbose mode - [ preamble ] result:
* driver: pdftex
* paper: custom
* layout: <same size as paper>
* layoutoffset:(h,v)=(0.0pt,0.0pt)
* modes: includehead includefoot 
* h-part:(L,W,R)=(11.74988pt, 340.6956pt, 11.74988pt)
* v-part:(T,H,B)=(0.0pt, 273.14662pt, 0.0pt)
* \paperwidth=364.19536pt
* \paperheight=273.14662pt
* \textwidth=340.6956pt
* \textheight=244.6939pt
* \oddsidemargin=-60.52011pt
* \evensidemargin=-60.52011pt
* \topmargin=-72.26999pt
* \headheight=14.22636pt
* \headsep=0.0pt
* \topskip=12.0pt
* \footskip=14.22636pt
* \marginparwidth=4.0pt
* \marginparsep=10.0pt
* \columnsep=10.0pt
* \skip\footins=10.8pt plus 4.0pt minus 2.0pt
* \hoffset=0.0pt
* \voffset=0.0pt
* \mag=1000
* \@twocolumnfalse
* \@twosidefalse
* \@mparswitchfalse
* \@reversemarginfalse
* (1in=72.27pt=25.4mm, 1cm=28.453pt)

(/home/pydupont/.texlive2012/texmf-dist/tex/context/base/supp-pdf.mkii
[Loading MPS to PDF converter (version 2006.09.02).]
\scratchcounter=\count179
\scratchdimen=\dimen205
\scratchbox=\box82
\nofMPsegments=\count180
\nofMParguments=\count181
\everyMPshowfont=\toks49
\MPscratchCnt=\count182
\MPscratchDim=\dimen206
\MPnumerator=\count183
\makeMPintoPDFobject=\count184
\everyMPtoPDFconversion=\toks50
) (/home/pydupont/.texlive2012/texmf-dist/tex/latex/oberdiek/epstopdf-base.sty
Package: epstopdf-base 2010/02/09 v2.5 Base part for package epstopdf

(/home/pydupont/.texlive2012/texmf-dist/tex/latex/oberdiek/grfext.sty
Package: grfext 2010/08/19 v1.1 Manage graphics extensions (HO)
)
Package grfext Info: Graphics extension search list:
(grfext)             [.png,.pdf,.jpg,.mps,.jpeg,.jbig2,.jb2,.PNG,.PDF,.JPG,.JPE
G,.JBIG2,.JB2,.eps]
(grfext)             \AppendGraphicsExtensions on input line 452.

(/home/pydupont/.texlive2012/texmf-dist/tex/latex/latexconfig/epstopdf-sys.cfg
File: epstopdf-sys.cfg 2010/07/13 v1.3 Configuration of (r)epstopdf for TeX Liv
e
)) ABD: EveryShipout initializing macros
\AtBeginShipoutBox=\box83
Package hyperref Info: Link coloring OFF on input line 46.

(/home/pydupont/.texlive2012/texmf-dist/tex/latex/hyperref/nameref.sty
Package: nameref 2012/07/31 v2.42 Cross-referencing by name of section

(/home/pydupont/.texlive2012/texmf-dist/tex/generic/oberdiek/gettitlestring.sty
Package: gettitlestring 2010/12/03 v1.4 Cleanup title references (HO)
)
\c@section@level=\count185
)
LaTeX Info: Redefining \ref on input line 46.
LaTeX Info: Redefining \pageref on input line 46.
LaTeX Info: Redefining \nameref on input line 46.
 (./presentation.out) (./presentation.out)
\@outlinefile=\write7
\openout7 = `presentation.out'.

LaTeX Font Info:    Overwriting symbol font `operators' in version `normal'
(Font)                  OT1/cmr/m/n --> OT1/cmss/m/n on input line 46.
LaTeX Font Info:    Overwriting symbol font `operators' in version `bold'
(Font)                  OT1/cmr/bx/n --> OT1/cmss/bx/n on input line 46.
\symnumbers=\mathgroup6
\sympureletters=\mathgroup7
LaTeX Font Info:    Overwriting math alphabet `\mathrm' in version `normal'
(Font)                  OT1/cmss/m/n --> OT1/ptm/m/n on input line 46.
LaTeX Font Info:    Redeclaring math alphabet \mathbf on input line 46.
LaTeX Font Info:    Overwriting math alphabet `\mathbf' in version `normal'
(Font)                  OT1/cmr/bx/n --> OT1/phv/bx/n on input line 46.
LaTeX Font Info:    Overwriting math alphabet `\mathbf' in version `bold'
(Font)                  OT1/cmr/bx/n --> OT1/phv/bx/n on input line 46.
LaTeX Font Info:    Redeclaring math alphabet \mathsf on input line 46.
LaTeX Font Info:    Overwriting math alphabet `\mathsf' in version `normal'
(Font)                  OT1/cmss/m/n --> OT1/phv/m/n on input line 46.
LaTeX Font Info:    Overwriting math alphabet `\mathsf' in version `bold'
(Font)                  OT1/cmss/bx/n --> OT1/phv/m/n on input line 46.
LaTeX Font Info:    Redeclaring math alphabet \mathit on input line 46.
LaTeX Font Info:    Overwriting math alphabet `\mathit' in version `normal'
(Font)                  OT1/cmr/m/it --> OT1/phv/m/it on input line 46.
LaTeX Font Info:    Overwriting math alphabet `\mathit' in version `bold'
(Font)                  OT1/cmr/bx/it --> OT1/phv/m/it on input line 46.
LaTeX Font Info:    Redeclaring math alphabet \mathtt on input line 46.
LaTeX Font Info:    Overwriting math alphabet `\mathtt' in version `normal'
(Font)                  OT1/cmtt/m/n --> OT1/pcr/m/n on input line 46.
LaTeX Font Info:    Overwriting math alphabet `\mathtt' in version `bold'
(Font)                  OT1/cmtt/m/n --> OT1/pcr/m/n on input line 46.
LaTeX Font Info:    Overwriting symbol font `numbers' in version `bold'
(Font)                  OT1/phv/m/n --> OT1/phv/bx/n on input line 46.
LaTeX Font Info:    Overwriting symbol font `pureletters' in version `bold'
(Font)                  OT1/phv/m/it --> OT1/phv/bx/it on input line 46.
LaTeX Font Info:    Overwriting math alphabet `\mathrm' in version `bold'
(Font)                  OT1/cmss/bx/n --> OT1/ptm/bx/n on input line 46.
LaTeX Font Info:    Overwriting math alphabet `\mathbf' in version `bold'
(Font)                  OT1/phv/bx/n --> OT1/phv/bx/n on input line 46.
LaTeX Font Info:    Overwriting math alphabet `\mathsf' in version `bold'
(Font)                  OT1/phv/m/n --> OT1/phv/bx/n on input line 46.
LaTeX Font Info:    Overwriting math alphabet `\mathit' in version `bold'
(Font)                  OT1/phv/m/it --> OT1/phv/bx/it on input line 46.
LaTeX Font Info:    Overwriting math alphabet `\mathtt' in version `bold'
(Font)                  OT1/pcr/m/n --> OT1/pcr/bx/n on input line 46.

(/home/pydupont/.texlive2012/texmf-dist/tex/latex/beamer/translator/dicts/trans
lator-basic-dictionary/translator-basic-dictionary-English.dict
Dictionary: translator-basic-dictionary, Language: English 
)
(/home/pydupont/.texlive2012/texmf-dist/tex/latex/beamer/translator/dicts/trans
lator-bibliography-dictionary/translator-bibliography-dictionary-English.dict
Dictionary: translator-bibliography-dictionary, Language: English 
)
(/home/pydupont/.texlive2012/texmf-dist/tex/latex/beamer/translator/dicts/trans
lator-environment-dictionary/translator-environment-dictionary-English.dict
Dictionary: translator-environment-dictionary, Language: English 
)
(/home/pydupont/.texlive2012/texmf-dist/tex/latex/beamer/translator/dicts/trans
lator-months-dictionary/translator-months-dictionary-English.dict
Dictionary: translator-months-dictionary, Language: English 
)
(/home/pydupont/.texlive2012/texmf-dist/tex/latex/beamer/translator/dicts/trans
lator-numbers-dictionary/translator-numbers-dictionary-English.dict
Dictionary: translator-numbers-dictionary, Language: English 
)
(/home/pydupont/.texlive2012/texmf-dist/tex/latex/beamer/translator/dicts/trans
lator-theorem-dictionary/translator-theorem-dictionary-English.dict
Dictionary: translator-theorem-dictionary, Language: English 
)
LaTeX Info: Redefining \includegraphics on input line 46.
\c@lstlisting=\count186

(./presentation.nav) [1

{/home/pydupont/.texlive2012/texmf-var/fonts/map/pdftex/updmap/pdftex.map}] [2

]
\openout4 = `presentation.vrb'.

 (./presentation.vrb
\openout5 = `presentation.pyg'.

runsystem(pygmentize -l python -f latex -F tokenmerge            -P linenos -P 
"verboptions= ,fontsize=\scriptsize ,numbersep=5pt" -o presentation.out.pyg pre
sentation.pyg)...executed.

 (./presentation.out.pyg
LaTeX Font Info:    Try loading font information for OT1+pcr on input line 1.

(/home/pydupont/.texlive2012/texmf-dist/tex/latex/psnfss/ot1pcr.fd
File: ot1pcr.fd 2001/06/04 font definitions for OT1/pcr.
)
LaTeX Font Info:    Try loading font information for OML+ptm on input line 2.

(/home/pydupont/.texlive2012/texmf-dist/tex/latex/psnfss/omlptm.fd
File: omlptm.fd 
)
LaTeX Font Info:    Font shape `OML/ptm/m/it' in size <8> not available
(Font)              Font shape `OML/cmm/m/it' tried instead on input line 2.
)
runsystem(rm presentation.out.pyg)...executed.

runsystem(rm presentation.pyg)...executed.

) [3

]
[4

] [5

] [6

] [7

] [8

] [9

]
\openout4 = `presentation.vrb'.

 (./presentation.vrb
\openout5 = `presentation.pyg'.

runsystem(pygmentize -l bash -f latex -F tokenmerge            -P linenos -P "v
erboptions= ,fontsize=\scriptsize ,numbersep=5pt" -o presentation.out.pyg prese
ntation.pyg)...executed.

 (./presentation.out.pyg
LaTeX Font Info:    Font shape `OT1/pcr/m/it' in size <8> not available
(Font)              Font shape `OT1/pcr/m/sl' tried instead on input line 2.
)
runsystem(rm presentation.out.pyg)...executed.

runsystem(rm presentation.pyg)...executed.

\openout5 = `presentation.pyg'.

runsystem(pygmentize -l python -f latex -F tokenmerge            -P linenos -P 
"verboptions= ,fontsize=\scriptsize ,numbersep=5pt" -o presentation.out.pyg pre
sentation.pyg)...executed.


(./presentation.out.pyg
LaTeX Font Info:    Try loading font information for U+msa on input line 2.

(/home/pydupont/.texlive2012/texmf-dist/tex/latex/amsfonts/umsa.fd
File: umsa.fd 2009/06/22 v3.00 AMS symbols A
)
LaTeX Font Info:    Try loading font information for U+msb on input line 2.

(/home/pydupont/.texlive2012/texmf-dist/tex/latex/amsfonts/umsb.fd
File: umsb.fd 2009/06/22 v3.00 AMS symbols B
)
LaTeX Font Info:    Font shape `OT1/phv/m/it' in size <8> not available
(Font)              Font shape `OT1/phv/m/sl' tried instead on input line 2.
LaTeX Font Info:    Font shape `OT1/phv/m/it' in size <6> not available
(Font)              Font shape `OT1/phv/m/sl' tried instead on input line 2.
LaTeX Font Info:    Font shape `OT1/phv/m/it' in size <5> not available
(Font)              Font shape `OT1/phv/m/sl' tried instead on input line 2.
)
runsystem(rm presentation.out.pyg)...executed.

runsystem(rm presentation.pyg)...executed.

) [10

]
\openout4 = `presentation.vrb'.


(./presentation.vrb
LaTeX Font Info:    Font shape `OT1/phv/m/it' in size <14.4> not available
(Font)              Font shape `OT1/phv/m/sl' tried instead on input line 2.
\openout5 = `presentation.pyg'.

runsystem(pygmentize -l python -f latex -F tokenmerge            -P linenos -P 
"verboptions= ,fontsize=\scriptsize ,numbersep=5pt" -o presentation.out.pyg pre
sentation.pyg)...executed.

 (./presentation.out.pyg)
runsystem(rm presentation.out.pyg)...executed.

runsystem(rm presentation.pyg)...executed.

\openout5 = `presentation.pyg'.

runsystem(pygmentize -l bash -f latex -F tokenmerge            -P linenos -P "v
erboptions= ,fontsize=\scriptsize ,numbersep=5pt" -o presentation.out.pyg prese
ntation.pyg)...executed.

 (./presentation.out.pyg)
runsystem(rm presentation.out.pyg)...executed.

runsystem(rm presentation.pyg)...executed.

) [11

]
\openout4 = `presentation.vrb'.


(./presentation.vrb
\openout5 = `presentation.pyg'.

runsystem(pygmentize -l bash -f latex -F tokenmerge            -P linenos -P "v
erboptions= ,fontsize=\scriptsize ,numbersep=5pt" -o presentation.out.pyg prese
ntation.pyg)...executed.

 (./presentation.out.pyg)
runsystem(rm presentation.out.pyg)...executed.

runsystem(rm presentation.pyg)...executed.

LaTeX Font Info:    Font shape `OT1/phv/m/it' in size <12> not available
(Font)              Font shape `OT1/phv/m/sl' tried instead on input line 10.
) [12

]
\openout4 = `presentation.vrb'.

 (./presentation.vrb
\openout5 = `presentation.pyg'.

runsystem(pygmentize -l c -f latex -F tokenmerge            -P linenos -P "verb
options= ,fontsize=\scriptsize ,numbersep=5pt" -o presentation.out.pyg presenta
tion.pyg)...executed.


(./presentation.out.pyg)
runsystem(rm presentation.out.pyg)...executed.

runsystem(rm presentation.pyg)...executed.

) [13

] [14

] [15

] [16

] [17

]
\openout4 = `presentation.vrb'.

 (./presentation.vrb
\openout5 = `presentation.pyg'.

runsystem(pygmentize -l c -f latex -F tokenmerge            -P linenos -P "verb
options= ,fontsize=\scriptsize ,numbersep=5pt" -o presentation.out.pyg presenta
tion.pyg)...executed.


(./presentation.out.pyg)
runsystem(rm presentation.out.pyg)...executed.

runsystem(rm presentation.pyg)...executed.

\openout5 = `presentation.pyg'.

runsystem(pygmentize -l bash -f latex -F tokenmerge            -P linenos -P "v
erboptions= ,fontsize=\scriptsize ,numbersep=5pt" -o presentation.out.pyg prese
ntation.pyg)...executed.

 (./presentation.out.pyg)
runsystem(rm presentation.out.pyg)...executed.

runsystem(rm presentation.pyg)...executed.

) [18

]
\openout4 = `presentation.vrb'.

 (./presentation.vrb
\openout5 = `presentation.pyg'.

runsystem(pygmentize -l python -f latex -F tokenmerge            -P linenos -P 
"verboptions= ,fontsize=\scriptsize ,numbersep=5pt" -o presentation.out.pyg pre
sentation.pyg)...executed.


(./presentation.out.pyg)
runsystem(rm presentation.out.pyg)...executed.

runsystem(rm presentation.pyg)...executed.

) [19

] [20

]
LaTeX Font Info:    Try loading font information for OT1+ptm on input line 236.


(/home/pydupont/.texlive2012/texmf-dist/tex/latex/psnfss/ot1ptm.fd
File: ot1ptm.fd 2001/06/04 font definitions for OT1/ptm.
) [21

]
\openout4 = `presentation.vrb'.


(./presentation.vrb
\openout5 = `presentation.pyg'.

runsystem(pygmentize -l python -f latex -F tokenmerge            -P linenos -P 
"verboptions= ,fontsize=\scriptsize ,numbersep=5pt" -o presentation.out.pyg pre
sentation.pyg)...executed.

 (./presentation.out.pyg)
runsystem(rm presentation.out.pyg)...executed.

runsystem(rm presentation.pyg)...executed.

) [22

]
\openout4 = `presentation.vrb'.

 (./presentation.vrb
\openout5 = `presentation.pyg'.

runsystem(pygmentize -l python -f latex -F tokenmerge            -P linenos -P 
"verboptions= ,fontsize=\scriptsize ,numbersep=5pt" -o presentation.out.pyg pre
sentation.pyg)...executed.


(./presentation.out.pyg)
runsystem(rm presentation.out.pyg)...executed.

runsystem(rm presentation.pyg)...executed.

) [23

]
\openout4 = `presentation.vrb'.

 (./presentation.vrb
\openout5 = `presentation.pyg'.

runsystem(pygmentize -l python -f latex -F tokenmerge            -P linenos -P 
"verboptions= ,fontsize=\scriptsize ,numbersep=5pt" -o presentation.out.pyg pre
sentation.pyg)...executed.

 (./presentation.out.pyg)
runsystem(rm presentation.out.pyg)...executed.

runsystem(rm presentation.pyg)...executed.

)
[24

] [25

] [26

] [27

] [28

] [29

] [30

] [31

] [32

] [33

] [34

]
\openout4 = `presentation.vrb'.

 (./presentation.vrb
\openout5 = `presentation.pyg'.

runsystem(pygmentize -l c -f latex -F tokenmerge            -P linenos -P "verb
options= ,fontsize=\scriptsize ,numbersep=5pt" -o presentation.out.pyg presenta
tion.pyg)...executed.


(./presentation.out.pyg)
runsystem(rm presentation.out.pyg)...executed.

runsystem(rm presentation.pyg)...executed.

) [35

]
\openout4 = `presentation.vrb'.

 (./presentation.vrb
\openout5 = `presentation.pyg'.

runsystem(pygmentize -l c -f latex -F tokenmerge            -P linenos -P "verb
options= ,fontsize=\scriptsize ,numbersep=5pt" -o presentation.out.pyg presenta
tion.pyg)...executed.

 (./presentation.out.pyg)
runsystem(rm presentation.out.pyg)...executed.

runsystem(rm presentation.pyg)...executed.

)
[36

]
\openout4 = `presentation.vrb'.

 (./presentation.vrb
\openout5 = `presentation.pyg'.

runsystem(pygmentize -l c -f latex -F tokenmerge            -P linenos -P "verb
options= ,fontsize=\scriptsize ,numbersep=5pt" -o presentation.out.pyg presenta
tion.pyg)...executed.

 (./presentation.out.pyg)
runsystem(rm presentation.out.pyg)...executed.

runsystem(rm presentation.pyg)...executed.

) [37

]
\openout4 = `presentation.vrb'.

 (./presentation.vrb
\openout5 = `presentation.pyg'.

runsystem(pygmentize -l c -f latex -F tokenmerge            -P linenos -P "verb
options= ,fontsize=\scriptsize ,numbersep=5pt" -o presentation.out.pyg presenta
tion.pyg)...executed.


(./presentation.out.pyg)
runsystem(rm presentation.out.pyg)...executed.

runsystem(rm presentation.pyg)...executed.

) [38

]
\openout4 = `presentation.vrb'.

 (./presentation.vrb
\openout5 = `presentation.pyg'.

runsystem(pygmentize -l c -f latex -F tokenmerge            -P linenos -P "verb
options= ,fontsize=\scriptsize ,numbersep=5pt" -o presentation.out.pyg presenta
tion.pyg)...executed.

 (./presentation.out.pyg)
runsystem(rm presentation.out.pyg)...executed.

runsystem(rm presentation.pyg)...executed.

)
[39

]
\openout4 = `presentation.vrb'.

 (./presentation.vrb
\openout5 = `presentation.pyg'.

runsystem(pygmentize -l bash -f latex -F tokenmerge             -P "verboptions
= ,fontsize=\scriptsize ,numbersep=5pt" -o presentation.out.pyg presentation.py
g)...executed.

 (./presentation.out.pyg)
runsystem(rm presentation.out.pyg)...executed.

runsystem(rm presentation.pyg)...executed.

) [40

] (./presentation.vrb
\openout5 = `presentation.pyg'.

runsystem(pygmentize -l bash -f latex -F tokenmerge             -P "verboptions
= ,fontsize=\scriptsize ,numbersep=5pt" -o presentation.out.pyg presentation.py
g)...executed.


(./presentation.out.pyg)
runsystem(rm presentation.out.pyg)...executed.

runsystem(rm presentation.pyg)...executed.

) [41

] (./presentation.vrb
\openout5 = `presentation.pyg'.

runsystem(pygmentize -l bash -f latex -F tokenmerge             -P "verboptions
= ,fontsize=\scriptsize ,numbersep=5pt" -o presentation.out.pyg presentation.py
g)...executed.

 (./presentation.out.pyg)
runsystem(rm presentation.out.pyg)...executed.

runsystem(rm presentation.pyg)...executed.

)
[42

] (./presentation.vrb
\openout5 = `presentation.pyg'.

runsystem(pygmentize -l bash -f latex -F tokenmerge             -P "verboptions
= ,fontsize=\scriptsize ,numbersep=5pt" -o presentation.out.pyg presentation.py
g)...executed.

 (./presentation.out.pyg)
runsystem(rm presentation.out.pyg)...executed.

runsystem(rm presentation.pyg)...executed.

) [43

]
\openout4 = `presentation.vrb'.

 (./presentation.vrb
\openout5 = `presentation.pyg'.

runsystem(pygmentize -l c -f latex -F tokenmerge            -P linenos -P "verb
options= ,fontsize=\scriptsize ,numbersep=5pt" -o presentation.out.pyg presenta
tion.pyg)...executed.


(./presentation.out.pyg)
runsystem(rm presentation.out.pyg)...executed.

runsystem(rm presentation.pyg)...executed.

) [44

]
\openout4 = `presentation.vrb'.

 (./presentation.vrb
\openout5 = `presentation.pyg'.

runsystem(pygmentize -l c -f latex -F tokenmerge            -P linenos -P "verb
options= ,fontsize=\scriptsize ,numbersep=5pt" -o presentation.out.pyg presenta
tion.pyg)...executed.

 (./presentation.out.pyg)
runsystem(rm presentation.out.pyg)...executed.

runsystem(rm presentation.pyg)...executed.

)
[45

]
\openout4 = `presentation.vrb'.

 (./presentation.vrb
\openout5 = `presentation.pyg'.

runsystem(pygmentize -l bash -f latex -F tokenmerge             -P "verboptions
= ,fontsize=\scriptsize ,numbersep=5pt" -o presentation.out.pyg presentation.py
g)...executed.

 (./presentation.out.pyg)
runsystem(rm presentation.out.pyg)...executed.

runsystem(rm presentation.pyg)...executed.

) [46

] (./presentation.vrb
\openout5 = `presentation.pyg'.

runsystem(pygmentize -l bash -f latex -F tokenmerge             -P "verboptions
= ,fontsize=\scriptsize ,numbersep=5pt" -o presentation.out.pyg presentation.py
g)...executed.


(./presentation.out.pyg)
runsystem(rm presentation.out.pyg)...executed.

runsystem(rm presentation.pyg)...executed.

) [47

] (./presentation.vrb
\openout5 = `presentation.pyg'.

runsystem(pygmentize -l bash -f latex -F tokenmerge             -P "verboptions
= ,fontsize=\scriptsize ,numbersep=5pt" -o presentation.out.pyg presentation.py
g)...executed.

 (./presentation.out.pyg)
runsystem(rm presentation.out.pyg)...executed.

runsystem(rm presentation.pyg)...executed.

)
[48

] (./presentation.vrb
\openout5 = `presentation.pyg'.

runsystem(pygmentize -l bash -f latex -F tokenmerge             -P "verboptions
= ,fontsize=\scriptsize ,numbersep=5pt" -o presentation.out.pyg presentation.py
g)...executed.

 (./presentation.out.pyg)
runsystem(rm presentation.out.pyg)...executed.

runsystem(rm presentation.pyg)...executed.

) [49

]
\openout4 = `presentation.vrb'.

 (./presentation.vrb
\openout5 = `presentation.pyg'.

runsystem(pygmentize -l c -f latex -F tokenmerge            -P linenos -P "verb
options= ,fontsize=\scriptsize ,numbersep=5pt" -o presentation.out.pyg presenta
tion.pyg)...executed.


(./presentation.out.pyg)
runsystem(rm presentation.out.pyg)...executed.

runsystem(rm presentation.pyg)...executed.

) [50

]
\openout4 = `presentation.vrb'.

 (./presentation.vrb
\openout5 = `presentation.pyg'.

runsystem(pygmentize -l bash -f latex -F tokenmerge             -P "verboptions
= ,fontsize=\scriptsize ,numbersep=5pt" -o presentation.out.pyg presentation.py
g)...executed.

 (./presentation.out.pyg)
runsystem(rm presentation.out.pyg)...executed.

runsystem(rm presentation.pyg)...executed.

)
[51

] (./presentation.vrb
\openout5 = `presentation.pyg'.

runsystem(pygmentize -l bash -f latex -F tokenmerge             -P "verboptions
= ,fontsize=\scriptsize ,numbersep=5pt" -o presentation.out.pyg presentation.py
g)...executed.

 (./presentation.out.pyg)
runsystem(rm presentation.out.pyg)...executed.

runsystem(rm presentation.pyg)...executed.

) [52

] (./presentation.vrb
\openout5 = `presentation.pyg'.

runsystem(pygmentize -l bash -f latex -F tokenmerge             -P "verboptions
= ,fontsize=\scriptsize ,numbersep=5pt" -o presentation.out.pyg presentation.py
g)...executed.


(./presentation.out.pyg)
runsystem(rm presentation.out.pyg)...executed.

runsystem(rm presentation.pyg)...executed.

) [53

] (./presentation.vrb
\openout5 = `presentation.pyg'.

runsystem(pygmentize -l bash -f latex -F tokenmerge             -P "verboptions
= ,fontsize=\scriptsize ,numbersep=5pt" -o presentation.out.pyg presentation.py
g)...executed.

 (./presentation.out.pyg)
runsystem(rm presentation.out.pyg)...executed.

runsystem(rm presentation.pyg)...executed.

)
[54

]
\openout4 = `presentation.vrb'.

 (./presentation.vrb
\openout5 = `presentation.pyg'.

runsystem(pygmentize -l python -f latex -F tokenmerge             -P "verboptio
ns= ,fontsize=\scriptsize ,numbersep=5pt" -o presentation.out.pyg presentation.
pyg)...executed.

 (./presentation.out.pyg)
runsystem(rm presentation.out.pyg)...executed.

runsystem(rm presentation.pyg)...executed.

)
Overfull \vbox (6.65176pt too high) detected at line 604
 []

[55

]
\openout4 = `presentation.vrb'.

 (./presentation.vrb
\openout5 = `presentation.pyg'.

runsystem(pygmentize -l python -f latex -F tokenmerge             -P "verboptio
ns= ,fontsize=\scriptsize ,numbersep=5pt" -o presentation.out.pyg presentation.
pyg)...executed.

 (./presentation.out.pyg)
runsystem(rm presentation.out.pyg)...executed.

runsystem(rm presentation.pyg)...executed.

)
Overfull \vbox (4.55377pt too high) detected at line 635
 []

[56

] [57

]
\tf@nav=\write8
\openout8 = `presentation.nav'.

\tf@toc=\write9
\openout9 = `presentation.toc'.

\tf@snm=\write10
\openout10 = `presentation.snm'.

Package atveryend Info: Empty hook `BeforeClearDocument' on input line 652.
Package atveryend Info: Empty hook `AfterLastShipout' on input line 652.
 (./presentation.aux)
Package atveryend Info: Executing hook `AtVeryEndDocument' on input line 652.
Package atveryend Info: Executing hook `AtEndAfterFileList' on input line 652.
Package rerunfilecheck Info: File `presentation.out' has not changed.
(rerunfilecheck)             Checksum: 20BB581A8475E845D15034952A1D007D;284.
Package atveryend Info: Empty hook `AtVeryVeryEnd' on input line 652.
 ) 
Here is how much of TeX's memory you used:
 22690 strings out of 493488
 443017 string characters out of 3139642
 548153 words of memory out of 3000000
 25185 multiletter control sequences out of 15000+200000
 31298 words of font info for 68 fonts, out of 3000000 for 9000
 957 hyphenation exceptions out of 8191
 49i,16n,57p,408b,735s stack positions out of 5000i,500n,10000p,200000b,50000s
{/home/pydupont/.texlive2012/texmf-dist/fonts/enc/dvips/base/8r.enc}</home/py
dupont/.texlive2012/texmf-dist/fonts/type1/public/amsfonts/cm/cmex10.pfb></home
/pydupont/.texlive2012/texmf-dist/fonts/type1/public/amsfonts/cm/cmmi12.pfb></h
ome/pydupont/.texlive2012/texmf-dist/fonts/type1/public/amsfonts/cm/cmmi8.pfb><
/home/pydupont/.texlive2012/texmf-dist/fonts/type1/public/amsfonts/cm/cmss12.pf
b></home/pydupont/.texlive2012/texmf-dist/fonts/type1/public/amsfonts/cm/cmss8.
pfb></home/pydupont/.texlive2012/texmf-dist/fonts/type1/public/amsfonts/cm/cmsy
10.pfb></home/pydupont/.texlive2012/texmf-dist/fonts/type1/urw/courier/ucrr8a.p
fb></home/pydupont/.texlive2012/texmf-dist/fonts/type1/urw/courier/ucrro8a.pfb>
</home/pydupont/.texlive2012/texmf-dist/fonts/type1/urw/helvetic/uhvr8a.pfb></h
ome/pydupont/.texlive2012/texmf-dist/fonts/type1/urw/helvetic/uhvro8a.pfb></hom
e/pydupont/.texlive2012/texmf-dist/fonts/type1/urw/times/utmr8a.pfb>
Output written on presentation.pdf (57 pages, 178841 bytes).
PDF statistics:
 482 PDF objects out of 1000 (max. 8388607)
 396 compressed objects within 4 object streams
 124 named destinations out of 1000 (max. 500000)
 113 words of extra memory for PDF output out of 10000 (max. 10000000)

